<?xml version="1.0" encoding="UTF-8"?>
<testsuite xmlns:xsi="http://www.w3.org/2001/XMLSchema-instance" xsi:noNamespaceSchemaLocation="https://maven.apache.org/surefire/maven-surefire-plugin/xsd/surefire-test-report-3.0.xsd" version="3.0" name="TerraTech.BranchManagementBackend.BranchManagementBackendApplicationTests" time="14.03" tests="1" errors="0" skipped="0" failures="0">
  <properties>
[...]
</properties>
  <testcase name="contextLoads" classname="TerraTech.BranchManagementBackend.BranchManagementBackendApplicationTests" time="0.574">
    <system-out><![CDATA[15:08:52.415 [main] INFO org.springframework.test.context.support.AnnotationConfigContextLoaderUtils -- Could not detect default configuration classes for test class [TerraTech.BranchManagementBackend.BranchManagementBackendApplicationTests]: BranchManagementBackendApplicationTests does not declare any static, non-private, non-final, nested classes annotated with @Configuration.
15:08:52.650 [main] INFO org.springframework.boot.test.context.SpringBootTestContextBootstrapper -- Found @SpringBootConfiguration TerraTech.BranchManagementBackend.BranchManagementBackendApplication for test class TerraTech.BranchManagementBackend.BranchManagementBackendApplicationTests
15:08:52.960 [main] INFO org.springframework.boot.devtools.restart.RestartApplicationListener -- Restart disabled due to context in which it is running

  .   ____          _            __ _ _
 /\\ / ___'_ __ _ _(_)_ __  __ _ \ \ \ \
( ( )\___ | '_ | '_| | '_ \/ _` | \ \ \ \
 \\/  ___)| |_)| | | | | || (_| |  ) ) ) )
  '  |____| .__|_| |_|_| |_\__, | / / / /
 =========|_|==============|___/=/_/_/_/
 :: Spring Boot ::                (v3.1.5)

2023-11-30T15:08:53.423+02:00  INFO 5904 --- [           main] .BranchManagementBackendApplicationTests : Starting BranchManagementBackendApplicationTests using Java 21.0.1 with PID 5904 (started by vadea in C:\Users\vadea\Desktop\TerraTech\backend)
2023-11-30T15:08:53.426+02:00  INFO 5904 --- [           main] .BranchManagementBackendApplicationTests : No active profile set, falling back to 1 default profile: "default"
2023-11-30T15:08:56.334+02:00  INFO 5904 --- [           main] .s.d.r.c.RepositoryConfigurationDelegate : Bootstrapping Spring Data JPA repositories in DEFAULT mode.
2023-11-30T15:08:56.531+02:00  INFO 5904 --- [           main] .s.d.r.c.RepositoryConfigurationDelegate : Finished Spring Data repository scanning in 175 ms. Found 3 JPA repository interfaces.
2023-11-30T15:08:57.859+02:00  INFO 5904 --- [           main] o.hibernate.jpa.internal.util.LogHelper  : HHH000204: Processing PersistenceUnitInfo [name: default]
2023-11-30T15:08:58.112+02:00  INFO 5904 --- [           main] org.hibernate.Version                    : HHH000412: Hibernate ORM core version 6.2.13.Final
2023-11-30T15:08:58.116+02:00  INFO 5904 --- [           main] org.hibernate.cfg.Environment            : HHH000406: Using bytecode reflection optimizer
2023-11-30T15:08:59.064+02:00  INFO 5904 --- [           main] o.s.o.j.p.SpringPersistenceUnitInfo      : No LoadTimeWeaver setup: ignoring JPA class transformer
2023-11-30T15:08:59.136+02:00  INFO 5904 --- [           main] com.zaxxer.hikari.HikariDataSource       : HikariPool-1 - Starting...
2023-11-30T15:08:59.659+02:00  INFO 5904 --- [           main] com.zaxxer.hikari.pool.HikariPool        : HikariPool-1 - Added connection org.postgresql.jdbc.PgConnection@49889154
2023-11-30T15:08:59.662+02:00  INFO 5904 --- [           main] com.zaxxer.hikari.HikariDataSource       : HikariPool-1 - Start completed.
2023-11-30T15:08:59.720+02:00  WARN 5904 --- [           main] org.hibernate.orm.deprecation            : HHH90000025: PostgreSQLDialect does not need to be specified explicitly using 'hibernate.dialect' (remove the property setting and it will be selected by default)
2023-11-30T15:09:01.209+02:00  INFO 5904 --- [           main] o.h.e.t.j.p.i.JtaPlatformInitiator       : HHH000489: No JTA platform available (set 'hibernate.transaction.jta.platform' to enable JTA platform integration)
2023-11-30T15:09:01.233+02:00  WARN 5904 --- [           main] o.h.engine.jdbc.spi.SqlExceptionHelper   : SQL Warning Code: 0, SQLState: 00000
2023-11-30T15:09:01.233+02:00  WARN 5904 --- [           main] o.h.engine.jdbc.spi.SqlExceptionHelper   : relation "product" does not exist, skipping
2023-11-30T15:09:01.234+02:00  WARN 5904 --- [           main] o.h.engine.jdbc.spi.SqlExceptionHelper   : SQL Warning Code: 0, SQLState: 00000
2023-11-30T15:09:01.234+02:00  WARN 5904 --- [           main] o.h.engine.jdbc.spi.SqlExceptionHelper   : relation "report" does not exist, skipping
2023-11-30T15:09:01.235+02:00  WARN 5904 --- [           main] o.h.engine.jdbc.spi.SqlExceptionHelper   : SQL Warning Code: 0, SQLState: 00000
2023-11-30T15:09:01.235+02:00  WARN 5904 --- [           main] o.h.engine.jdbc.spi.SqlExceptionHelper   : relation "report" does not exist, skipping
2023-11-30T15:09:01.235+02:00  WARN 5904 --- [           main] o.h.engine.jdbc.spi.SqlExceptionHelper   : SQL Warning Code: 0, SQLState: 00000
2023-11-30T15:09:01.235+02:00  WARN 5904 --- [           main] o.h.engine.jdbc.spi.SqlExceptionHelper   : relation "users" does not exist, skipping
2023-11-30T15:09:01.236+02:00  WARN 5904 --- [           main] o.h.engine.jdbc.spi.SqlExceptionHelper   : SQL Warning Code: 0, SQLState: 00000
2023-11-30T15:09:01.236+02:00  WARN 5904 --- [           main] o.h.engine.jdbc.spi.SqlExceptionHelper   : table "product" does not exist, skipping
2023-11-30T15:09:01.237+02:00  WARN 5904 --- [           main] o.h.engine.jdbc.spi.SqlExceptionHelper   : SQL Warning Code: 0, SQLState: 00000
2023-11-30T15:09:01.237+02:00  WARN 5904 --- [           main] o.h.engine.jdbc.spi.SqlExceptionHelper   : table "report" does not exist, skipping
2023-11-30T15:09:01.237+02:00  WARN 5904 --- [           main] o.h.engine.jdbc.spi.SqlExceptionHelper   : SQL Warning Code: 0, SQLState: 00000
2023-11-30T15:09:01.237+02:00  WARN 5904 --- [           main] o.h.engine.jdbc.spi.SqlExceptionHelper   : table "users" does not exist, skipping
2023-11-30T15:09:01.238+02:00  WARN 5904 --- [           main] o.h.engine.jdbc.spi.SqlExceptionHelper   : SQL Warning Code: 0, SQLState: 00000
2023-11-30T15:09:01.238+02:00  WARN 5904 --- [           main] o.h.engine.jdbc.spi.SqlExceptionHelper   : sequence "product_seq" does not exist, skipping
2023-11-30T15:09:01.238+02:00  WARN 5904 --- [           main] o.h.engine.jdbc.spi.SqlExceptionHelper   : SQL Warning Code: 0, SQLState: 00000
2023-11-30T15:09:01.238+02:00  WARN 5904 --- [           main] o.h.engine.jdbc.spi.SqlExceptionHelper   : sequence "report_seq" does not exist, skipping
2023-11-30T15:09:01.452+02:00  INFO 5904 --- [           main] j.LocalContainerEntityManagerFactoryBean : Initialized JPA EntityManagerFactory for persistence unit 'default'
2023-11-30T15:09:01.806+02:00  INFO 5904 --- [           main] o.s.d.j.r.query.QueryEnhancerFactory     : Hibernate is in classpath; If applicable, HQL parser will be used.
2023-11-30T15:09:03.213+02:00  WARN 5904 --- [           main] JpaBaseConfiguration$JpaWebConfiguration : spring.jpa.open-in-view is enabled by default. Therefore, database queries may be performed during view rendering. Explicitly configure spring.jpa.open-in-view to disable this warning
2023-11-30T15:09:03.351+02:00  INFO 5904 --- [           main] o.s.s.web.DefaultSecurityFilterChain     : Will secure any request with [org.springframework.security.web.session.DisableEncodeUrlFilter@10e85525, org.springframework.security.web.context.request.async.WebAsyncManagerIntegrationFilter@69bb8812, org.springframework.security.web.context.SecurityContextHolderFilter@69a245d6, org.springframework.security.web.header.HeaderWriterFilter@1e31cf9b, org.springframework.security.web.authentication.logout.LogoutFilter@3b3bf723, TerraTech.BranchManagementBackend.filters.JwtAuthenticationFilter@2c36c62a, org.springframework.security.web.savedrequest.RequestCacheAwareFilter@79bcaf78, org.springframework.security.web.servletapi.SecurityContextHolderAwareRequestFilter@6cf04303, org.springframework.security.web.authentication.AnonymousAuthenticationFilter@6a670dcc, org.springframework.security.web.session.SessionManagementFilter@390e513a, org.springframework.security.web.access.ExceptionTranslationFilter@50235133, org.springframework.security.web.access.intercept.AuthorizationFilter@79401d4f]
2023-11-30T15:09:03.986+02:00  INFO 5904 --- [           main] .BranchManagementBackendApplicationTests : Started BranchManagementBackendApplicationTests in 11.047 seconds (process running for 13.125)
]]></system-out>
    <system-err><![CDATA[WARNING: A Java agent has been loaded dynamically (C:\Users\vadea\.m2\repository\net\bytebuddy\byte-buddy-agent\1.14.9\byte-buddy-agent-1.14.9.jar)
WARNING: If a serviceability tool is in use, please run with -XX:+EnableDynamicAgentLoading to hide this warning
WARNING: If a serviceability tool is not in use, please run with -Djdk.instrument.traceUsage for more information
WARNING: Dynamic loading of agents will be disallowed by default in a future release
]]></system-err>
  </testcase>
</testsuite>